<?xml version="1.0" encoding="UTF-8"?>
<!-- Generated by org.testng.reporters.JUnitReportReporter -->
<testsuite hostname="LAPTOP-IGT4D1RQ" failures="0" tests="6" name="com.main.Main" time="162.704" errors="0" timestamp="2024-06-04T09:28:50 IST" skipped="0">
  <testcase classname="com.main.Main" name="scenario3" time="26.623"/>
  <testcase classname="com.main.Main" name="scenario2" time="32.200"/>
  <testcase classname="com.main.Main" name="scenario2" time="50.069"/>
  <testcase classname="com.main.Main" name="scenario3" time="16.552"/>
  <testcase classname="com.main.Main" name="scenario1" time="20.588"/>
  <testcase classname="com.main.Main" name="scenario1" time="16.672"/>
</testsuite> <!-- com.main.Main -->
